<?xml version="1.0" encoding="UTF-8"?>
<testsuites name="OTP Master Suite" tests="9" failures="3" time="2.04">
    <testsuite name="System Tests" tests="9" failures="3" time="2.04">
        
        <testcase name="Full System Integrity" classname="tests/full_system_test.js" time="0.15">
            <failure message="Test Failed">Command failed: node tests/full_system_test.js

❌ E2E TEST FAILED: TypeError: fetch failed
</failure>
            <system-out><![CDATA[🏁 STARTING END-TO-END SYSTEM TEST...
1️⃣ Creating test post...
]]></system-out>
        </testcase>
        <testcase name="Admin Health & Schema" classname="tests/admin_health.js" time="0.13">
            <failure message="Test Failed">Command failed: node tests/admin_health.js

❌ ADMIN VERIFICATION FAILED: Missing 'system-global-state'. Did you run DEPLOY_V1.3.sql?
</failure>
            <system-out><![CDATA[👮 STARTING ADMIN SYSTEM VERIFICATION...
]]></system-out>
        </testcase>
        <testcase name="User Flow Validation" classname="tests/user_flow_validation.js" time="0.13">
            <failure message="Test Failed">Command failed: node tests/user_flow_validation.js

❌ VALIDATION FAILED: Contact Form Failed: TypeError: fetch failed
</failure>
            <system-out><![CDATA[🏁 STARTING FULL USER-FLOW VALIDATION...

📩 Testing Contact Form Submission...
]]></system-out>
        </testcase>
        <testcase name="Authentication Logic" classname="tests/auth_flow_test.js" time="0.06">
            
            <system-out><![CDATA[🧪 STARTING AUTH FLOW UNIT TESTS...
   Test 1: Logout Behavior...
   ✅ PASSED
   Test 2: Valid Token Check...
   ✅ PASSED
   Test 3: Expired Token Check...
   ✅ PASSED
   Test 4: Bypass Token Check...
   ✅ PASSED

🎉 ALL AUTH TESTS PASSED.
]]></system-out>
        </testcase>
        <testcase name="Post Management Logic" classname="tests/manage_post_test.js" time="0.46">
            
            <system-out><![CDATA[TEST: Create Post
[MOCK] Insert into posts: [
  {
    title: 'Test Title',
    content: 'Test Content',
    slug: 'test-title',
    tags: [ 'tag1', 'tag2' ],
    image_url: '',
    published: true,
    updated_at: '2026-03-08T15:56:12.149Z'
  }
]
[MOCK] Reset Form
[MOCK] Fetch Posts
✅ Create Post Passed
TEST: Update Post
[MOCK] Update posts where id=123: {
  title: 'Updated Title',
  content: 'Test Content',
  slug: 'updated-title',
  tags: [ 'tag1', 'tag2' ],
  image_url: '',
  published: true,
  updated_at: '2026-03-08T15:56:12.151Z'
}
[MOCK] Reset Form
[MOCK] Fetch Posts
✅ Update Post Passed
ALL TESTS PASSED
]]></system-out>
        </testcase>
        <testcase name="Email Link Logic" classname="tests/email_link_test.js" time="0.06">
            
            <system-out><![CDATA[TEST: Email Link Formatting
Generated Link: mailto:test@example.com?subject=Inquiry Reply: Only True Perspective // John Doe&body=Hello there!
✅ Email Link Formatting Passed
]]></system-out>
        </testcase>
        <testcase name="Theme Logic" classname="tests/theme.test.js" time="0.82">
            
            <system-out><![CDATA[Running Theme Toggle Tests...
PASS: Initial theme is dark (no attribute)
PASS: Toggled to light mode
PASS: LocalStorage updated to 'light'
PASS: Toggled back to dark mode
PASS: LocalStorage updated to 'dark'
PASS: Local user preference overrides remote state
Theme tests complete.
]]></system-out>
        </testcase>
        <testcase name="Menu Logic" classname="tests/menu_logic_test.js" time="0.10">
            
            <system-out><![CDATA[Running Menu Logic Tests...
PASS: Drawer has 'open' class after click.
PASS: aria-expanded is 'true' (string).
PASS: Drawer removed 'open' class after second click.
PASS: aria-expanded is 'false' (string).
]]></system-out>
        </testcase>
        <testcase name="Security & Performance" classname="tests/security_perf_audit.js" time="0.12">
            
            <system-out><![CDATA[🛡️ STARTING SECURITY & PERFORMANCE AUDIT...

⏱️ Performance:
- Initial Response Latency: 62ms
✅ PASS: Low latency (<200ms)

🛡️ Security Headers:
✅ content-security-policy: PRESENT
✅ x-frame-options: PRESENT
✅ x-content-type-options: PRESENT
✅ strict-transport-security: PRESENT
✅ referrer-policy: PRESENT

📦 Optimization:
✅ Compression: ENABLED (br)
]]></system-out>
        </testcase>
    </testsuite>
</testsuites>